2024-06-27 17:02:21,462 - pyswarms.single.global_best - INFO - Optimize for 1000 iters with {'c1': 0.5, 'c2': 0.3, 'w': 0.9}
2024-06-27 17:02:21,696 - pyswarms.single.global_best - INFO - Optimization finished | best cost: 6.391574011537994e-46, best pos: [ 1.7087659e-23 -1.8632480e-23]
2024-06-27 17:32:36,187 - pyswarms.single.global_best - INFO - Optimize for 1000 iters with {'c1': 0.5, 'c2': 0.3, 'w': 0.9}
2024-06-27 17:32:36,427 - pyswarms.single.global_best - INFO - Optimization finished | best cost: 8.887892787991695e-15, best pos: [1.00000009 1.00000019]
2024-06-27 17:32:38,674 - pyswarms.single.global_best - INFO - Optimize for 1000 iters with {'c1': 0.5, 'c2': 0.3, 'w': 0.9}
2024-06-27 17:32:38,869 - pyswarms.single.global_best - INFO - Optimization finished | best cost: 3.1736417337184585e-18, best pos: [1. 1.]
2024-06-27 17:33:17,234 - pyswarms.single.global_best - INFO - Optimize for 2 iters with {'c1': 0.5, 'c2': 0.3, 'w': 0.9}
2024-06-27 17:33:17,240 - pyswarms.single.global_best - INFO - Optimization finished | best cost: 36.77129782453109, best pos: [-1.38535205  2.4767072 ]
2024-06-27 17:33:34,274 - pyswarms.single.global_best - INFO - Optimize for 2 iters with {'c1': 0.5, 'c2': 0.3, 'w': 0.9}
2024-06-27 17:33:34,276 - pyswarms.single.global_best - INFO - Optimization finished | best cost: 27.796328475406693, best pos: [-1.59629147  3.00701026]
2024-06-27 17:33:49,900 - pyswarms.single.global_best - INFO - Optimize for 2 iters with {'c1': 0.5, 'c2': 0.3, 'w': 0.9}
2024-06-27 17:33:49,903 - pyswarms.single.global_best - INFO - Optimization finished | best cost: 74.69348425441216, best pos: [1.48535666 1.34339442]
2024-06-28 23:27:04,782 - pyswarms.single.global_best - INFO - Optimize for 100 iters with {'c1': 0.5, 'c2': 0.3, 'w': 0.9}
2024-06-28 23:27:12,843 - pyswarms.single.global_best - INFO - Optimize for 1000 iters with {'c1': 0.5, 'c2': 0.3, 'w': 0.9}
2024-06-28 23:27:13,126 - pyswarms.single.global_best - INFO - Optimization finished | best cost: 1.709352023785013e-46, best pos: [3.01636912e-24 1.27215062e-23]
2024-06-28 23:27:14,048 - pyswarms.single.global_best - INFO - Optimize for 2 iters with {'c1': 0.5, 'c2': 0.3, 'w': 0.9}
2024-06-28 23:27:14,049 - pyswarms.single.global_best - INFO - Optimization finished | best cost: 119.42758956253232, best pos: [-1.19764188  2.50485045]
2024-06-28 23:27:14,965 - pyswarms.single.global_best - INFO - Optimize for 1000 iters with {'c1': 0.5, 'c2': 0.3, 'w': 0.9}
2024-06-28 23:27:15,197 - pyswarms.single.global_best - INFO - Optimization finished | best cost: 5.187732110851483e-16, best pos: [1.00000002 1.00000005]
2024-06-28 23:27:15,967 - pyswarms.single.global_best - INFO - Optimize for 100 iters with {'c1': 0.5, 'c2': 0.3, 'w': 0.9}
2024-06-28 23:28:31,961 - pyswarms.single.global_best - INFO - Optimize for 100 iters with {'c1': 0.5, 'c2': 0.3, 'w': 0.9}
2024-06-28 23:29:13,009 - pyswarms.single.global_best - INFO - Optimize for 100 iters with {'c1': 0.5, 'c2': 0.3, 'w': 0.9}
2024-06-28 23:29:35,574 - pyswarms.single.global_best - INFO - Optimize for 100 iters with {'c1': 0.5, 'c2': 0.3, 'w': 0.9}
2024-06-28 23:30:03,862 - pyswarms.single.global_best - INFO - Optimize for 100 iters with {'c1': 0.5, 'c2': 0.3, 'w': 0.9}
2024-06-28 23:31:37,190 - pyswarms.single.global_best - INFO - Optimize for 100 iters with {'c1': 0.5, 'c2': 0.3, 'w': 0.9}
2024-06-30 12:05:00,221 - pyswarms.single.global_best - INFO - Optimize for 100 iters with {'c1': 0.5, 'c2': 0.3, 'w': 0.9}
2024-06-30 12:05:00,283 - pyswarms.single.global_best - INFO - Optimization finished | best cost: 5.5766493329858875, best pos: [-0.65650056 -0.52945445 -0.98189719 -0.64587543 -0.92520626 -0.47451473
  0.34952498 -0.50224101 -0.213937   -0.72516944 -0.86151194  0.16434223
 -0.06494099 -0.38791765 -0.4591057  -0.10913944 -0.67405303 -0.32215975
 -0.66130226 -0.69359575 -0.46036476 -0.55642855 -0.68994192 -0.58612241
 -0.6104755   0.42566246 -0.77016231  0.13619318 -0.37748273 -0.60667781
 -0.62963383  0.24495657 -0.71521137 -0.55672977 -0.30187432 -0.28369027
 -0.61070892 -0.71488471  0.29079023  0.04698541 -0.25107935 -0.58049076
  0.13521281 -0.75940244 -0.41959555 -0.84120784 -0.49815665 -0.74472014
 -0.23460803 -0.55963781 -0.51043308 -0.2292394  -0.14078666 -0.782351
  0.24372351 -0.74662363  0.51455752 -0.92205924 -0.10221307  0.34144374
 -0.06082967 -0.62119     0.30712113  0.32874025 -0.55497229 -0.29507727
  0.24163619 -0.30007908  0.13721714 -0.64159528 -0.94765143  0.32819571
  0.27596903 -0.5243375   0.81903503 -0.24069566  0.29437729 -0.95388454
 -0.45569445  0.06287866  0.59926131  0.66290618 -0.20545512 -0.71409404
  0.29514568 -0.158291    0.11391752 -0.5043378  -0.46192274 -0.00123961
 -0.42992444 -0.62028163  0.71974014  0.21680362 -0.20706572 -0.96660607
 -0.38392111 -0.96371269  0.00824341  0.6897733 ]
2024-06-30 12:05:17,832 - pyswarms.single.global_best - INFO - Optimize for 100 iters with {'c1': 0.5, 'c2': 0.3, 'w': 0.9}
2024-06-30 12:05:18,185 - pyswarms.single.global_best - INFO - Optimization finished | best cost: 7.879828262766587, best pos: [-9.20690316e-01  3.29061749e-01 -6.95529629e-01  3.13042289e-02
  1.49125833e-01 -9.37888424e-01  4.85006567e-01 -5.71855180e-02
  6.12725608e-02 -1.71988902e-01 -1.89298871e-01 -9.87664509e-01
  3.50215405e-02  5.87099870e-01 -6.92807208e-01 -1.98947925e-01
 -3.06896329e-01 -9.74063000e-01 -2.03019277e-01  3.42517372e-01
 -6.66848376e-01 -3.90813286e-01  1.92471085e-01  8.01903886e-01
 -7.28619715e-02 -8.41086396e-01  2.07809000e-01 -3.08090081e-01
 -2.87192767e-01 -5.28561778e-02 -3.33500317e-01 -7.11440190e-01
 -9.06027201e-01  3.51404168e-01 -2.03625839e-01 -3.31563584e-01
  3.18203422e-01 -6.42894361e-01  1.87972243e-01  7.84772827e-02
 -7.08152311e-01  9.57242745e-01  7.58194760e-01 -7.58172639e-01
 -9.72573169e-01 -4.01332345e-01  7.26317550e-01  4.11910383e-01
 -2.49467365e-02 -7.33894142e-01  5.20290579e-01 -3.01427310e-02
 -5.83749404e-01  3.61782452e-01 -1.19981513e-01  1.40982125e-01
 -6.88421613e-01 -3.10835982e-01 -1.88642488e-01  5.20732274e-02
  6.03729937e-02  7.25159562e-01  8.75061586e-02  3.11418178e-01
  1.66785518e-01 -6.99029426e-01 -7.80005875e-01 -8.03670325e-01
 -8.72235899e-01 -1.87778081e-02  3.79255102e-01 -6.68165866e-01
 -6.17883289e-01  9.21255881e-02 -4.79780539e-01  5.19487371e-01
 -9.83033270e-02 -5.36061794e-01 -3.85048309e-01 -3.75658705e-01
  3.53788276e-01 -9.29537029e-01  6.23908347e-01  8.77762179e-01
  8.60133504e-02 -9.50028205e-02 -4.60799445e-01  1.69792069e-01
  3.23218816e-01 -2.26806884e-01  2.83855595e-01  9.80523877e-01
  5.37302726e-01 -6.06145108e-01 -1.14330043e-01 -5.45880031e-01
 -5.87607188e-01 -5.60796249e-01 -5.12878880e-01  6.45589343e-01
 -3.16980306e-01 -7.37631483e-01 -8.91036998e-01 -5.87176197e-01
 -2.99462731e-01 -9.72502022e-01 -8.30226678e-01 -2.74990532e-01
 -3.30756249e-02 -2.34988235e-01  1.77230263e-01 -8.20781394e-01
  2.03773360e-01 -3.12332839e-01 -4.09110493e-01  4.50360962e-01
 -3.97726760e-01 -9.53079404e-01  3.65212940e-01  3.51416786e-01
 -7.95617847e-01  5.49146685e-01  2.05380936e-01 -8.81828888e-01
 -9.08061673e-01  4.46515552e-01  4.95990737e-02  8.56641068e-01
  2.14492715e-01  3.10633150e-01 -3.49639565e-01 -4.33158807e-01
  3.24320235e-01 -3.96475781e-01 -4.03952849e-01 -1.58810564e-01
 -6.81820111e-02 -4.45221213e-01 -9.03490387e-01 -3.64085201e-01
 -8.80641213e-02  1.58986683e-01 -7.59399883e-01 -6.99847556e-01
  7.62518703e-01 -9.22530682e-01 -5.97934117e-01 -8.08506495e-01
 -2.31753482e-01 -5.97989887e-01 -2.53976466e-02 -3.10346623e-01
  9.68534217e-03 -8.46304920e-01 -8.28979712e-02  2.44364526e-01
 -8.98913716e-01 -3.14998068e-01  1.50828242e-01  9.61765926e-01
 -2.60801578e-01 -2.32396129e-01  3.09342143e-01  4.05384603e-01
 -5.20774829e-01 -8.63964294e-01 -7.70694098e-01 -5.73034561e-02
  4.48401991e-01 -2.12142126e-01 -2.93806565e-01 -1.38623935e-01
  1.59651104e-01  2.40872144e-01  7.39066517e-01 -5.51454854e-01
  7.41062942e-01  7.62470403e-02 -5.23847911e-01  1.46864491e-01
 -8.49724527e-01 -2.88458964e-01 -6.79357298e-01 -2.54873654e-01
 -8.06709652e-01 -7.14801884e-01  3.30841217e-01 -3.83664531e-01
 -6.25595087e-01 -4.66351526e-01  4.49858665e-01  2.06292437e-01
 -5.39939166e-01 -5.13353842e-01 -3.81067928e-01 -7.43207709e-01
 -2.06523101e-01 -6.89501212e-01  6.70992871e-01 -9.97426293e-02
 -7.76189697e-01 -1.18811180e-01 -9.76477237e-01 -1.06040060e-01
  6.02413515e-01 -5.56499297e-01 -1.30885527e-01 -3.05176341e-01
 -8.14839619e-01  2.46368937e-01  6.34859212e-01 -1.13769490e-01
 -5.67791954e-01 -2.56774445e-01  8.58421440e-01 -6.19077955e-01
  6.16884923e-01  4.27298913e-01 -9.03523457e-01 -1.63101095e-01
 -4.87985626e-01 -6.42844848e-01 -7.79418511e-01 -9.55820837e-02
 -7.08237679e-01  1.78181577e-01 -8.43832532e-01 -7.27487900e-01
  6.48630160e-01  3.76047364e-01  9.95228829e-01 -4.26157604e-01
 -6.01237092e-01 -1.93090893e-01 -2.82964860e-01  1.91653885e-01
 -8.83841754e-01 -2.51557875e-01 -2.00179547e-01 -7.35112427e-01
 -3.98116571e-01 -6.95832205e-01 -2.54199811e-01 -6.42427518e-01
 -4.46046223e-01 -6.07221389e-01 -8.01448542e-01  6.52367563e-01
  2.59515046e-02 -5.98279126e-01 -5.13280317e-01 -9.00506718e-03
 -5.51438461e-01  4.93655892e-01 -8.88943260e-01  5.19206643e-01
 -5.25183167e-01  2.22469590e-01 -7.89270202e-01 -3.85546783e-01
 -3.50970443e-01 -9.18141371e-01 -8.18560523e-01  1.40444260e-01
  3.14488699e-02  9.80786733e-02 -3.46791418e-01  5.18999028e-01
  2.18535996e-01  2.51374416e-01  5.40781623e-01  8.00832854e-01
  1.61459492e-02  3.35345795e-01 -5.77744122e-02 -8.83127446e-01
 -8.76755169e-01 -8.90696143e-01 -2.08777945e-01 -1.52651732e-01
 -5.28735755e-01 -8.26775332e-01  1.79634653e-01 -4.85758402e-01
 -3.04198015e-01 -6.70875003e-01 -2.77952819e-03  9.86423889e-01
  4.93805009e-01 -6.62610867e-01 -6.33705336e-01 -6.56313557e-01
  1.25129976e-01  3.87369134e-01 -3.16041033e-01 -6.12760125e-02
 -6.98813524e-01  8.18281548e-01  7.74830377e-01 -3.79190159e-01
  1.59798532e-01 -2.97467568e-01  8.72530034e-01  1.12008357e-01
 -7.34627338e-01 -1.46116058e-01  9.12451479e-01  1.88603926e-01
 -2.23538127e-01 -4.38650802e-01 -2.73284870e-01 -6.19939463e-01
 -6.44290956e-01  4.29200008e-02 -4.84908809e-01  2.80986936e-01
  6.11073939e-02 -6.69993696e-02  2.16701448e-01  1.71369886e-01
 -9.62431442e-01  3.32554002e-01 -6.21978765e-01 -8.85651251e-01
 -1.57090371e-01  7.85357648e-01 -8.06800096e-01  6.65907437e-01
 -9.10092978e-01 -8.05395512e-01 -2.78182057e-02  8.60888635e-01
 -1.76178798e-01 -7.04379068e-01 -8.62159796e-01  9.93102001e-02
  7.91392257e-02  5.06033056e-01  6.20142462e-01 -7.65462291e-01
 -8.03893015e-01  1.18954839e-01  9.02824232e-01 -9.58882238e-01
 -8.35984884e-01 -9.55769960e-01 -8.05312756e-01 -2.52601998e-01
  5.12892396e-01  7.29861545e-01 -4.51740234e-01 -2.46140909e-01
 -4.97518752e-01 -4.03534812e-01 -8.11435062e-01 -8.26882887e-01
 -6.82264409e-01  8.15904231e-01  1.72849329e-01 -3.17302061e-01
 -5.58443273e-01  1.23838492e-01 -2.33393003e-02 -6.85577402e-01
 -4.39441811e-01 -4.15640048e-01  8.00063536e-01 -3.62210466e-01
  5.30560305e-01 -1.19251899e-01  9.13101472e-01 -4.80690517e-01
 -3.74460885e-01  9.22209591e-02 -1.49326476e-01 -8.62666472e-01
  9.54424122e-02  6.13921793e-01  3.85021616e-01 -7.09652314e-01
 -4.52009247e-01 -7.49813844e-01 -3.81951343e-01  7.39290374e-01
 -5.04861716e-01 -9.56323111e-01  7.67150942e-01 -7.40399302e-01
 -5.32364555e-01  4.50520722e-01 -4.40219077e-01 -9.95860088e-01
 -2.03248810e-02  2.01234869e-01  1.63571227e-01 -2.81413105e-01
 -1.43012708e-01 -7.37798329e-01  8.86613710e-02 -5.37451970e-01
 -6.61358233e-01 -6.01972173e-01 -2.06835076e-01 -6.73226486e-02
  4.82065642e-01  5.07470585e-01  6.50110032e-01 -5.19385817e-02
  8.48180819e-02  5.85823485e-01 -3.19643458e-01  5.46493220e-01
 -3.94640309e-01 -5.74818436e-02 -7.86367193e-01 -5.25292126e-02
 -6.31541416e-01 -8.51677848e-01 -2.83403184e-01  5.29775011e-01
 -7.44080947e-01 -3.60419828e-01 -9.51579109e-01 -8.64494220e-01
 -2.55189557e-01 -3.47696270e-01  9.87326776e-01  7.82682229e-01
  7.52960377e-01 -8.25381725e-01  3.82286734e-01  1.05097134e-01
  2.96308479e-01 -4.03755925e-01 -9.97074836e-02 -1.19326137e-01
 -2.57979975e-01 -9.31925727e-02 -3.95343033e-01  4.77851305e-01
  4.32965225e-01 -8.48222247e-01  5.49424171e-01 -2.51743039e-01
  1.98791158e-01 -3.59001379e-03 -2.18107240e-01  3.82717094e-01
 -4.62301366e-01 -5.58179136e-02  8.51754321e-01 -9.04801788e-01
 -9.48052958e-01 -2.27029724e-01 -3.90171304e-02 -6.55115360e-01
 -5.74021903e-01 -1.80935820e-01  6.79075855e-01 -9.55300780e-01
 -5.06038846e-01 -4.95333628e-01 -7.17486687e-01 -6.15230476e-01
 -6.43302464e-01  8.09668783e-02 -7.76392719e-01 -9.51694117e-01
 -2.05874383e-01 -6.55158985e-01 -6.26260267e-01 -1.08925641e-01
 -4.78980297e-01 -3.99599721e-01  7.99744394e-01 -2.60209757e-01
 -8.36925018e-01 -2.64818532e-01 -5.11941453e-02 -6.02832408e-01
 -5.59814151e-01  9.53554179e-01  2.04492572e-01 -3.92907225e-01
  8.50623373e-01 -2.32033263e-01  4.76260765e-02 -4.15667745e-01
 -4.15537943e-01 -1.26388519e-01  1.74250205e-01 -9.85317430e-01
 -3.32226548e-01 -5.52898500e-01 -6.88375547e-01 -7.49131943e-01
  7.53005987e-01  5.17480874e-01  1.35759772e-01  9.01774602e-01
  2.03648594e-01  4.65305955e-01  9.98972267e-01  5.29636812e-01
 -2.22894678e-01  6.92136530e-01 -7.16377146e-01  3.96157559e-01
  3.52380288e-01 -3.48637039e-01 -8.99294571e-01  4.22009108e-02
 -5.63690161e-01 -3.19398136e-01 -2.88344399e-01 -7.19067503e-01
  3.76604287e-04 -2.07233328e-01  9.62624523e-02  3.66750991e-01
 -6.46024224e-01 -7.25585377e-01 -2.31275135e-01  9.49987106e-01
 -5.09699132e-01 -7.92979343e-01 -7.85927696e-01 -4.71133918e-01
 -6.50989353e-01 -6.15372371e-01 -8.18230328e-01 -4.97531971e-02
  2.70279380e-01 -5.19905760e-01 -2.59862728e-01 -3.52405224e-01
 -7.42271706e-01  1.05775452e-01 -9.73015290e-01 -6.18628804e-01
  2.83107794e-01 -1.96272277e-01 -7.53313121e-01  6.09125705e-02
 -3.30189384e-01 -9.07055301e-01 -8.45638041e-01  1.10432622e-01
  3.48243692e-01 -4.56093505e-01 -3.63774464e-01 -9.87129406e-01
 -4.14548956e-01 -4.60648708e-01 -5.92989095e-01  4.48267413e-01
 -3.94613768e-01  1.24435492e-01  2.66454690e-01 -1.97092936e-01
  4.66227277e-01 -3.39864961e-01 -5.47884654e-01  3.53976443e-01
  3.18148152e-01 -7.42812013e-01  1.56910259e-01 -9.64893985e-01
 -5.11440488e-01  7.42312112e-01  9.04214632e-01 -1.66411108e-01
 -2.13204386e-01 -3.89057412e-01  6.14290513e-01 -2.08502756e-01
 -7.46720406e-01 -1.07198599e-01  1.16962205e-01 -5.23215051e-01
 -2.56303030e-01  3.04427490e-01 -1.20832458e-01 -1.45716360e-01
 -6.66911383e-01  1.72663905e-02  7.69760875e-02 -5.02747689e-01
 -7.98757698e-01 -4.24696424e-01  6.88310632e-01 -4.60400535e-01
 -2.60596706e-01  8.71530874e-01 -5.68486513e-01  3.34638534e-01
 -6.74827176e-01  5.25714371e-02 -4.30061427e-01 -5.50304865e-01
 -8.95977519e-01  9.13847168e-01 -2.01295947e-01 -4.48302749e-01
 -4.19571111e-01 -9.86712365e-01  2.78327735e-01 -3.56587112e-01
  9.26435102e-01  6.21970277e-01  2.99216696e-02 -7.83737529e-01
 -4.19576925e-01 -9.90088452e-01 -7.98590269e-02 -4.62900745e-01
 -3.36049832e-01  3.28627115e-01 -9.08130570e-01 -8.52713029e-01
 -9.88749974e-01  3.03783390e-01 -1.25155030e-02 -1.51446877e-01
  5.82032595e-02  8.42450435e-01  6.10637313e-01 -4.76251437e-01
 -9.62790132e-01  3.08707305e-01 -2.07730293e-01 -6.39214132e-01
 -9.39749346e-01  2.00095988e-01 -4.85940517e-01 -8.59062209e-01
  6.55215621e-01 -6.51713117e-01 -4.56639872e-01 -4.37257889e-01
 -1.36167063e-01 -6.48254345e-01  7.39293798e-02  7.91995918e-01
 -1.56859606e-01  4.24853790e-01 -3.18966771e-02 -7.60045292e-01
  2.89493513e-01  8.70883781e-02  2.29343418e-01 -8.74069548e-01
 -4.56623351e-02 -2.66593944e-01  5.13865062e-01 -2.92404349e-01
 -5.18365709e-01 -4.31910107e-01 -7.96272111e-01  4.22946153e-01
 -6.19527990e-01 -1.80503143e-01  2.87344073e-01 -8.76190959e-02
 -4.17277510e-01 -6.81227455e-01  2.11823833e-01 -9.79485796e-02
  2.16953525e-01 -7.58917657e-01 -3.75072447e-01  5.47736215e-01
 -1.59946478e-01  2.24029867e-01 -5.84761199e-01 -1.13695894e-01
 -6.94297542e-01 -7.42658160e-01 -3.73944098e-01 -7.34995064e-01
 -2.23886894e-01 -9.23801492e-01  1.81790598e-01 -7.00174415e-01
 -7.90922849e-02 -6.78381770e-01  4.26730746e-01 -3.08520654e-01
  5.49001424e-01 -3.35409463e-01 -2.35192444e-01  1.98197045e-01
 -5.58952144e-01  9.87911882e-01 -6.28305974e-01  3.10843529e-01
  6.50869674e-01 -1.83245759e-01  9.11229669e-01 -5.71838677e-01
  5.28981603e-01 -2.07175165e-01  5.86850323e-01  9.43478173e-01
  5.50107738e-01 -1.77098059e-01  6.21067962e-01  3.03597042e-01
  7.20534539e-01 -3.75452663e-01  4.44875957e-01 -1.71422679e-01
 -7.63699388e-01 -5.40792082e-01  5.30378003e-01  6.71461782e-01
  7.36875694e-01 -8.12567207e-01 -1.04770767e-01  8.45073231e-01
  4.81448057e-01 -2.09645296e-01  4.79957993e-01  1.34002177e-01
  3.39085439e-01 -8.10159654e-01 -5.28932343e-01 -5.97766204e-02
  3.70135295e-01  4.90442562e-01 -8.90554392e-01  8.22378708e-01
 -6.35085396e-01  7.60009021e-02  2.65875439e-01  3.98144496e-01
  3.75557671e-01 -2.79026522e-02 -1.94527406e-01 -6.54160170e-01
 -9.46780115e-01 -5.91866095e-01 -5.04735105e-01 -4.31819187e-01
 -9.28661751e-01  4.10473232e-01 -3.11064353e-01 -4.99797906e-01
  2.24026062e-01 -3.96487507e-01  6.51089117e-01  6.11002486e-01
 -3.06248964e-01 -2.88838529e-01  4.57085289e-01 -7.50691272e-01
  4.34649057e-01 -4.02917587e-01 -7.55024453e-01 -9.84868975e-01
 -1.37498995e-01  4.09618881e-01  2.17127400e-01 -2.55480604e-01
 -8.27880933e-01 -1.20550834e-01 -4.88868474e-01  3.26773478e-02
  2.30081148e-01 -1.11907237e-01 -9.65711973e-02 -5.39893975e-01
  8.88253891e-01  1.78609611e-01  4.40060211e-01  6.59105349e-01
 -1.47431139e-01 -3.49444092e-01  1.81976106e-01 -6.61174411e-02
 -7.54990131e-03  2.90457471e-01  2.30331085e-01  9.02607991e-01
 -6.09196692e-01 -5.76444333e-01 -5.49585776e-01  9.44541902e-01
 -9.24573632e-01  4.70276033e-01  3.66979282e-01 -8.77294334e-01
 -2.82333077e-01 -2.07337169e-01  4.32836264e-01  1.64429448e-01
  1.53084550e-01  6.27138925e-01 -5.92511218e-01 -5.92667424e-01
  8.21472721e-01 -5.69492057e-01 -8.37219354e-01 -8.42231128e-01
 -2.69906412e-01 -8.82137599e-02 -9.12094314e-02  5.08936502e-01
  4.72830842e-01  6.38762653e-01  3.72390740e-01 -5.54199174e-02
 -4.84189990e-01 -1.49018574e-01 -9.71840736e-01 -7.95427137e-01
  2.20294362e-01  6.67749764e-01 -2.29854303e-01  3.94605047e-04
 -3.02743960e-01  8.16670290e-01 -8.56044470e-01  5.18526997e-01
 -9.31987324e-01 -8.60068377e-01 -8.03549420e-01  6.86491749e-01
 -8.31058112e-01 -1.62468840e-01 -1.14485595e-01  2.55116399e-01
 -8.71892997e-02 -7.35993725e-01 -7.20852817e-01 -5.58541762e-02
 -5.16793160e-01  2.58119823e-01  5.34809535e-01 -6.40463355e-01
 -5.60691358e-01 -1.60517029e-01  2.59407761e-01  9.53261827e-01
  1.78921695e-01 -2.00342792e-01 -9.03146404e-01 -5.72803690e-02
  2.35584732e-01  9.17883684e-01 -5.83997037e-01  5.05198571e-01
  6.49281209e-01  6.70160467e-01 -3.61287452e-01  1.67769592e-02
 -2.08843177e-01 -6.10448972e-01  3.51071332e-01 -6.46904633e-01
 -3.31036846e-01  7.10157678e-01 -3.32695967e-01 -1.56962061e-01
 -5.00320521e-02 -3.54532156e-01 -5.61547829e-01 -5.48390307e-01
 -8.34624871e-01 -2.97208151e-01 -4.68015702e-02 -9.93737163e-01
  9.53626379e-01  3.17049902e-01  7.67071796e-02 -3.86950413e-01
 -9.49610883e-01  5.95678003e-01 -2.57365875e-01 -4.17917814e-01
 -1.04450688e-01 -5.98012464e-02  3.24039425e-01 -1.96356638e-01
 -3.72969806e-02 -1.42495493e-01 -5.42392075e-02  5.10139043e-01
 -7.51221170e-01 -4.18037092e-01  2.43766694e-01 -4.28113564e-01
 -3.77234798e-02  4.03709640e-01  3.97666686e-01 -1.84895273e-01
 -9.77339130e-01 -2.19970050e-01 -7.43159611e-01 -9.43143327e-01
 -1.40280420e-02  1.48761058e-01  2.25692290e-01 -6.80042830e-01
 -5.44562681e-01 -2.05112592e-01 -5.19354102e-01 -8.54691134e-01
  3.42554936e-01 -7.20423059e-02 -2.17199272e-01  5.54896423e-01
  1.32236277e-01  1.09346458e-02 -2.22649330e-01 -5.65112183e-01
 -7.27078623e-02  7.97304183e-01 -4.35267793e-01  5.23688700e-01
 -7.64762509e-02 -8.64770750e-01 -2.30934458e-01 -3.51620295e-01
 -5.72548234e-01 -2.28942327e-01  7.90574908e-01  8.88790074e-01
 -7.12583824e-01 -7.95860218e-01 -1.99889504e-01 -2.82670771e-01
 -8.72640324e-01 -8.92396097e-01 -5.30423952e-02  2.20497898e-01
 -8.13421026e-01  1.18438126e-01 -8.35792118e-01 -7.06532832e-01
  5.81347240e-01  3.05768294e-01 -8.19792209e-01  5.45554376e-01
  7.10886321e-01 -9.50726599e-01 -6.61403050e-01 -2.93042653e-02
 -6.26998529e-01  2.45471582e-01 -8.91539790e-01 -7.68881316e-01
  7.82833612e-02  3.19931719e-01  5.58277002e-02 -6.40515782e-01
  3.94613352e-01 -1.07217612e-01  9.19491523e-01  6.61709444e-01
  8.06572666e-01 -3.76308329e-01  7.47631935e-01 -1.10856570e-01
 -9.89752723e-01 -1.90084242e-01 -1.80762216e-01 -2.13037701e-01
 -1.37152991e-01  7.94306273e-01  9.10929906e-02  1.58194288e-01
  3.62606016e-01  9.96773066e-02  9.26365242e-01 -7.78064634e-01
 -8.25569346e-01 -7.82222493e-02 -6.67099105e-01 -1.82619695e-01
 -7.58620668e-02  6.58936633e-01 -4.60604584e-01 -4.66505989e-01
  1.89948146e-01 -8.94371642e-01 -3.69380528e-01  5.65837682e-01
  7.14780919e-01 -4.25638279e-01  1.44700827e-02 -4.45596478e-01
 -2.99847508e-01 -2.91275462e-02  2.58478740e-02 -7.68035957e-01
  9.50226117e-01 -2.41062296e-02  7.39845228e-01  1.33167594e-01]
2024-06-30 12:05:48,995 - pyswarms.single.global_best - INFO - Optimize for 100 iters with {'c1': 0.5, 'c2': 0.3, 'w': 0.9}
2024-06-30 12:05:49,034 - pyswarms.single.global_best - INFO - Optimization finished | best cost: 3.4262137781134068, best pos: [-0.66098335 -0.74476293 -0.87268869 -0.75054067 -0.82760515 -0.63733478
 -0.96621812 -0.97432725 -0.32152801 -0.96463421 -0.68147812 -0.20751689
 -0.23881535 -0.2579058  -0.51078648 -0.42634081  0.14632813 -0.30547529
  0.66188947 -0.741902  ]
2024-06-30 12:06:02,366 - pyswarms.single.global_best - INFO - Optimize for 1000 iters with {'c1': 0.5, 'c2': 0.3, 'w': 0.9}
2024-06-30 12:06:02,685 - pyswarms.single.global_best - INFO - Optimization finished | best cost: 3.7106714329700514, best pos: [-0.95379372 -0.89056055 -0.5474931  -0.59637857 -0.90169586 -0.55354819
 -0.49866486 -0.41076945 -0.93990753 -0.18097301 -0.81116772 -0.6706731
 -0.16482445 -0.65184159  0.06161577  0.16452244 -0.51323425  0.23021104
 -0.13943323 -0.42001531]
2024-06-30 12:07:14,588 - matplotlib.font_manager - INFO - Failed to extract font properties from /usr/share/fonts/truetype/noto/NotoColorEmoji.ttf: In FT2Font: Can not load face (unknown file format; error code 0x2)
2024-06-30 12:07:14,798 - matplotlib.font_manager - INFO - generated new fontManager
2024-06-30 12:10:00,835 - pyswarms.single.global_best - INFO - Optimize for 1000 iters with {'c1': 0.5, 'c2': 0.3, 'w': 0.9}
2024-06-30 12:10:01,128 - pyswarms.single.global_best - INFO - Optimization finished | best cost: 136.013009725447, best pos: [-0.77634043 -0.81923677 -0.7111667  -0.28457511 -0.98443867 -0.69765986
 -0.77707598 -0.92008835 -0.85468927 -0.89800905 -0.96928973 -0.91277628
 -0.55183487 -0.86442955 -0.73381116  0.62845172 -0.85646744  0.60332291
 -0.41542884 -0.75285274]
2024-06-30 12:14:21,339 - pyswarms.single.global_best - INFO - Optimize for 1000 iters with {'c1': 0.5, 'c2': 0.3, 'w': 0.9}
2024-06-30 12:14:21,706 - pyswarms.single.global_best - INFO - Optimization finished | best cost: 182.77979975512883, best pos: [-0.90829968 -0.10421977 -0.89910183 -0.85741285 -0.73590531 -0.61461462
 -0.57508762 -0.46028209 -0.88228859 -0.77530301 -0.28114326 -0.04497508
 -0.72828359  0.12950768  0.14497745  0.02387919 -0.76078257 -0.5236691
 -0.47132972 -0.05185052]
2024-06-30 12:14:31,298 - pyswarms.single.global_best - INFO - Optimize for 1000 iters with {'c1': 0.5, 'c2': 0.3, 'w': 0.9}
2024-06-30 12:14:31,577 - pyswarms.single.global_best - INFO - Optimization finished | best cost: 170.00957382189165, best pos: [-0.9987076  -0.89368934 -0.94389131 -0.4157458  -0.76451927 -0.59849454
 -0.47423611 -0.58425373 -0.14831027 -0.90449631 -0.7451177  -0.00339047
 -0.34646362  0.00320941  0.09851528 -0.7879751  -0.39194979 -0.35608569
 -0.14281551 -0.33118026]
2024-06-30 12:18:11,584 - pyswarms.single.local_best - INFO - Optimize for 1000 iters with {'c1': 0.5, 'c2': 0.3, 'w': 0.9, 'k': 3, 'p': 1}
2024-06-30 12:18:12,084 - pyswarms.single.local_best - INFO - Optimization finished | best cost: 192.4396998897664, best pos: [-0.90535313 -0.62294651 -0.90120213 -0.71472007 -0.44275044 -0.5578342
 -0.42870891 -0.48251896 -0.26735883 -0.67814    -0.46128871 -0.02973749
 -0.81637895  0.00197849  0.07052123 -0.49265561  0.21090223 -0.49109114
 -0.22020455  0.22793215]
2024-06-30 12:18:30,369 - pyswarms.single.local_best - INFO - Optimize for 1000 iters with {'c1': 0.5, 'c2': 0.3, 'w': 0.9, 'k': 5, 'p': 1}
2024-06-30 12:18:30,866 - pyswarms.single.local_best - INFO - Optimization finished | best cost: 206.44250782113141, best pos: [-0.51265619 -0.65986284 -0.59502701 -0.82581327 -0.543069   -0.32791026
 -0.99940358 -0.63188395 -0.23468995 -0.57839804 -0.3904468  -0.34896932
  0.07569866 -0.46178965 -0.25782173 -0.3625007   0.18222567  0.4291558
  0.24071582 -0.37023078]
2024-06-30 12:18:39,615 - pyswarms.single.local_best - INFO - Optimize for 1000 iters with {'c1': 0.5, 'c2': 0.3, 'w': 0.9, 'k': 1, 'p': 1}
2024-06-30 12:18:40,102 - pyswarms.single.local_best - INFO - Optimization finished | best cost: 206.56147114163406, best pos: [-0.57719307 -0.71779068 -0.02504423 -0.67458361 -0.8258498  -0.2210856
 -0.7964014  -0.72058828 -0.18966029 -0.68966572 -0.76921933 -0.91508121
  0.07362816 -0.31074507  0.2763044  -0.25935491 -0.91284638  0.33321217
 -0.00819176 -0.70082038]
2024-06-30 12:18:45,520 - pyswarms.single.local_best - INFO - Optimize for 1000 iters with {'c1': 0.5, 'c2': 0.3, 'w': 0.9, 'k': 3, 'p': 1}
2024-06-30 12:18:45,861 - pyswarms.single.local_best - INFO - Optimization finished | best cost: 193.0812749819093, best pos: [-0.35836094 -0.62270598 -0.63319459 -0.7999014  -0.54122479 -0.18293463
 -0.94035628 -0.9028422  -0.48610759 -0.53862951 -0.64522629 -0.30477367
 -0.0775654  -0.08710177 -0.74370364 -0.9117291   0.01873491  0.14278419
 -0.71452228 -0.14592318]
2024-06-30 12:18:51,960 - pyswarms.single.local_best - INFO - Optimize for 1000 iters with {'c1': 0.5, 'c2': 0.3, 'w': 0.9, 'k': 3, 'p': 2}
2024-06-30 12:18:52,301 - pyswarms.single.local_best - INFO - Optimization finished | best cost: 175.78173200775512, best pos: [-0.59050391 -0.5548259  -0.68038683 -0.8207774  -0.48278136 -0.84970273
 -0.2879079  -0.58038901 -0.88845666 -0.51911897 -0.81491733 -0.80051097
 -0.82409687 -0.66566033  0.81880679 -0.58103397  0.19943689  0.11431046
 -0.59419824 -0.04689608]
2024-06-30 12:18:57,718 - pyswarms.single.local_best - INFO - Optimize for 1000 iters with {'c1': 0.5, 'c2': 0.3, 'w': 0.9, 'k': 3, 'p': 1}
2024-06-30 12:18:58,259 - pyswarms.single.local_best - INFO - Optimization finished | best cost: 199.0469152913804, best pos: [-0.76634827 -0.53458447 -0.40324859 -0.53842792 -0.67651157 -0.95531376
 -0.64566769 -0.60564481  0.0133097  -0.58620137 -0.78544178 -0.44693469
 -0.12276087 -0.40393676  0.60883291 -0.70497517  0.13894623 -0.70887715
 -0.47787461 -0.35081117]
2024-06-30 12:25:29,871 - pyswarms.single.global_best - INFO - Optimize for 10000 iters with {'c1': 0.5, 'c2': 0.3, 'w': 0.9}
2024-06-30 12:25:32,753 - pyswarms.single.global_best - INFO - Optimization finished | best cost: 190.27305127521646, best pos: [-0.9836482  -0.9549499  -0.35975693 -0.86430319 -0.29843133 -0.49137743
 -0.92224622 -0.08015921 -0.49352458 -0.19112672 -0.33378404 -0.62395222
 -0.25196306 -0.47994801 -0.0277743  -0.50557822 -0.13373569 -0.65715296
 -0.34927904 -0.34941534]
2024-06-30 12:27:17,047 - pyswarms.single.global_best - INFO - Optimize for 10000 iters with {'c1': 0.5, 'c2': 0.5, 'w': 0.9}
2024-06-30 12:27:19,664 - pyswarms.single.global_best - INFO - Optimization finished | best cost: 197.5697184762563, best pos: [-0.30785633 -0.97038621 -0.44586755 -0.64932921 -0.73296978 -0.05568293
 -0.5184735  -0.46212681 -0.66669219 -0.06767247 -0.94206596 -0.61568699
 -0.57760378 -0.95419622 -0.57893901 -0.03805727 -0.02017116 -0.37762739
 -0.76245429  0.45292447]
2024-06-30 12:27:25,215 - pyswarms.single.global_best - INFO - Optimize for 10000 iters with {'c1': 0.5, 'c2': 0.5, 'w': 0.8}
2024-06-30 12:27:27,742 - pyswarms.single.global_best - INFO - Optimization finished | best cost: 175.8912589731391, best pos: [-0.96421976 -0.84058037 -0.46647583 -0.8416981  -0.81295589 -0.78084381
 -0.73957461 -0.42073073 -0.10325951 -0.98598595  0.17423295 -0.44646499
  0.2000503  -0.56173195 -0.70963963 -0.09301938  0.08775447  0.04459114
 -0.75086925 -0.84949163]
2024-06-30 12:27:34,749 - pyswarms.single.global_best - INFO - Optimize for 10000 iters with {'c1': 0.5, 'c2': 0.5, 'w': 0.5}
2024-06-30 12:27:37,406 - pyswarms.single.global_best - INFO - Optimization finished | best cost: 223.40880239509107, best pos: [-0.57285605 -0.22381047 -0.99918606 -0.0738605  -0.99763737 -0.71248294
  0.01408762 -0.99964783 -0.35189971 -0.30010429  0.17360795  0.22171224
 -0.72102098 -0.99993558 -0.04638227 -0.54232589 -0.18362037 -0.11236956
 -0.15021498  0.59181855]
2024-06-30 12:27:41,494 - pyswarms.single.global_best - INFO - Optimize for 10000 iters with {'c1': 0.5, 'c2': 0.5, 'w': 0.7}
2024-06-30 12:27:45,134 - pyswarms.single.global_best - INFO - Optimization finished | best cost: 191.01397526188802, best pos: [-0.99811827 -0.16601425 -0.92271204 -0.89860035 -0.88628906 -0.23191263
 -0.94898419 -0.73117952 -0.68817051 -0.36272577  0.28059081  0.03337972
  0.30221332  0.25432191 -0.88418055 -0.51328967 -0.53452118 -0.46167838
 -0.49824029 -0.13588921]
2024-06-30 12:27:48,503 - pyswarms.single.global_best - INFO - Optimize for 10000 iters with {'c1': 0.5, 'c2': 0.5, 'w': 0.8}
2024-06-30 12:27:51,065 - pyswarms.single.global_best - INFO - Optimization finished | best cost: 193.2707637507033, best pos: [-0.99616494 -0.35850048 -0.96726514 -0.04763398 -0.91560069 -0.47454793
 -0.40363028 -0.61723241 -0.9844204  -0.25013624 -0.96346099  0.06861305
  0.24246209 -0.41604362 -0.19121839 -0.40018198 -0.62943769  0.13093137
 -0.74086745 -0.49339816]
2024-06-30 12:27:55,529 - pyswarms.single.global_best - INFO - Optimize for 10000 iters with {'c1': 0.5, 'c2': 0.5, 'w': 0.8}
2024-06-30 12:27:58,112 - pyswarms.single.global_best - INFO - Optimization finished | best cost: 173.01205695905733, best pos: [-0.96242396 -0.98214705 -0.90092543 -0.24651404 -0.59376874 -0.27631207
 -0.7236145  -0.60142959 -0.83132923 -0.61355087 -0.81147598 -0.61399874
  0.63874566 -0.11947297  0.02939569 -0.59816118 -0.78130505 -0.32062809
 -0.11565872 -0.54487028]
2024-06-30 12:32:29,634 - pyswarms.single.global_best - INFO - Optimize for 10000 iters with {'c1': 0.5, 'c2': 0.5, 'w': 0.8}
2024-06-30 12:32:32,339 - pyswarms.single.global_best - INFO - Optimization finished | best cost: 11.635605025197076, best pos: [-3.88280744 -3.9999046  -1.00758317 -2.52507373 -2.36029514 -1.16571872
 -1.56668071 -1.35407263 -2.36896927  0.37532703  1.2956279   0.45248521
  0.72308257  0.99741455  1.68876728 -1.20709403  0.70583092  1.20030831
  0.75330499  1.26684968]
2024-06-30 12:33:08,876 - pyswarms.single.local_best - INFO - Optimize for 10000 iters with {'c1': 0.5, 'c2': 0.5, 'w': 0.9, 'k': 3, 'p': 1}
2024-06-30 12:33:12,170 - pyswarms.single.local_best - INFO - Optimization finished | best cost: 9.779677565654527, best pos: [-3.62385531 -1.17716442 -3.74596984 -3.36990699 -1.36471007 -0.22042948
 -3.43526329 -2.45731786  2.11235954  2.26589891 -1.30419333 -0.68938882
 -1.64712426 -0.24373994 -0.31046184  2.48495036  1.57890745  1.5345486
  2.64202986  1.78902479]
2024-06-30 12:35:53,062 - pyswarms.single.local_best - INFO - Optimize for 10000 iters with {'c1': 0.5, 'c2': 0.5, 'w': 0.8, 'k': 3, 'p': 1}
2024-06-30 12:35:56,819 - pyswarms.single.local_best - INFO - Optimization finished | best cost: 13.157055273350036, best pos: [-3.1862415  -3.31698606 -3.9168019  -0.72383313 -1.12715642 -1.96650554
 -1.56589784  0.68897044 -1.5564817  -0.30457284 -1.00019374  1.10114893
  0.96110112 -0.60861393  1.23444934 -0.85062729  0.89679692  2.80143668
  0.70844731 -0.49010011]
2024-06-30 12:37:46,089 - pyswarms.single.local_best - INFO - Optimize for 10000 iters with {'c1': 0.5, 'c2': 0.5, 'w': 0.8, 'k': 3, 'p': 1}
2024-06-30 12:37:51,543 - pyswarms.single.local_best - INFO - Optimization finished | best cost: 43.960944271651, best pos: [-3.61104538e+00 -2.96847141e+00 -3.38416751e+00  1.36744429e+00
 -8.04140036e-01 -1.76663300e+00 -9.23116886e-01 -2.10136810e+00
  6.98144805e-01 -2.72176624e-02 -2.02813348e+00 -3.37677372e+00
 -2.75206129e+00 -1.73282858e+00 -3.39092677e+00  4.71566092e-01
  1.97636589e-01 -1.76325239e+00 -1.20881752e+00 -2.72713261e+00
 -9.91785225e-01 -1.51874366e+00 -5.86008532e-01 -2.07306504e+00
  5.08433005e-01 -2.45177810e+00 -3.14506426e-01 -1.16637017e+00
 -2.66643458e+00 -2.60685522e+00 -1.82379505e+00 -1.24997271e+00
 -1.47371635e+00 -3.22077495e+00 -1.76574532e+00 -2.62305251e-01
 -2.03315190e+00  9.61888536e-01 -1.23886619e-01 -2.15238577e+00
 -2.18840562e+00  1.60836249e-01  1.06915835e+00 -1.49146895e+00
  3.09883958e-03 -2.12716101e-01  1.79685017e+00  1.22517947e+00
 -1.82104563e+00 -1.62907145e+00 -2.61921313e+00 -2.99714198e+00
 -2.22970522e+00 -2.78860209e+00 -5.88936706e-01  9.53378291e-01
  7.53123203e-01 -2.41355945e+00  8.44685756e-01  1.43334756e-01
 -3.37333812e+00 -2.35457602e+00 -2.65460717e+00  7.17365088e-01
  1.33675601e+00 -9.62210506e-02  9.56463043e-01  1.07375734e+00
  1.10534654e+00  2.27077648e+00  1.37086997e+00 -5.68940833e-01
 -1.37327353e+00  1.44339196e+00 -1.31277433e+00  2.27834656e-01
  5.84885750e-01  1.75404483e+00 -2.35003681e+00 -5.67777979e-01
  1.08309296e+00 -1.37883380e+00 -5.86623484e-01  9.14388234e-01
 -3.05591815e+00  1.44705661e+00 -1.92637336e+00 -4.77370438e-01
 -1.35722581e+00 -2.30705710e-01  1.21961431e+00  9.52851102e-01
  1.69562685e+00 -1.99963672e+00  1.41238461e+00  2.23062547e+00
  8.96431592e-01  1.50374367e+00 -1.30534345e-01 -2.27478345e-01]
2024-06-30 12:38:16,897 - pyswarms.single.local_best - INFO - Optimize for 10000 iters with {'c1': 0.5, 'c2': 0.5, 'w': 0.8, 'k': 3, 'p': 1}
2024-06-30 12:38:21,057 - pyswarms.single.local_best - INFO - Optimization finished | best cost: 20.43473235389035, best pos: [-0.84483654 -1.1080607  -0.90558627 -2.83255642 -3.74167322 -1.8018723
 -2.00761599 -1.11300249 -3.35220087 -3.00589402 -1.75687863 -2.24946657
  0.48894743 -2.4363534  -2.26092247  1.58220306  0.31522295 -3.23357292
 -2.08556515 -3.61878402 -2.58328839 -2.54057513 -3.21003278  0.28432495
  0.04964657 -1.80057139  0.88897291  0.58758962 -1.2455257  -3.51901498
  0.63891695 -0.84760936 -1.09028089  2.47995575  1.67086049 -1.07437243
 -2.1609043   0.98945506 -0.91031481  1.59614998  2.99650141  2.33047544
 -0.84824453  2.72058304 -0.6883266   0.41884345  2.81506073 -0.45418835
  2.09936101 -1.34034405]
2024-06-30 12:38:28,338 - pyswarms.single.local_best - INFO - Optimize for 1000 iters with {'c1': 0.5, 'c2': 0.5, 'w': 0.8, 'k': 3, 'p': 1}
2024-06-30 12:38:28,737 - pyswarms.single.local_best - INFO - Optimization finished | best cost: 23.923364357283216, best pos: [-3.7106817  -0.21899449 -1.64848991 -3.37741758  0.75691021 -3.64000234
 -3.27365202  0.05023901 -0.93964311 -1.53944993 -3.08163092 -3.03178596
 -2.19296839 -2.57587046 -2.22301318  0.02023498 -1.94782923 -3.03017756
 -2.70022436 -0.562082   -2.02485278 -2.46411772  0.71951296 -2.68846495
  0.66738596  0.44942452 -2.69115163 -0.98678898 -0.01579196  0.97728914
  0.79875466  0.91936357  0.25423721  0.99022827  1.91642472 -1.75126577
 -0.05501298 -0.22798874  2.08391935  0.13813378 -0.97624559  0.1995258
  2.38617204 -2.79400685 -2.89911112  2.23736122  0.12997653  2.32601103
  2.76493843  0.823691  ]
2024-06-30 12:38:50,503 - pyswarms.single.global_best - INFO - Optimize for 1000 iters with {'c1': 0.5, 'c2': 0.5, 'w': 0.8, 'k': 3, 'p': 1}
2024-06-30 12:38:50,941 - pyswarms.single.global_best - INFO - Optimization finished | best cost: 33.047029711610705, best pos: [-0.0426706  -1.70307506 -1.85070174 -0.66510148 -2.34047593 -3.54948086
 -1.76794477 -3.02626883 -2.25695492 -3.69267405 -1.68853226 -2.01248511
 -3.05821356  1.31978599 -0.66478382  0.04530847 -1.52806572 -2.20053998
  0.13455227 -1.8032006  -2.80517245  0.05325228 -3.26876732 -1.3727679
 -0.31779925 -1.1153049   1.30858851 -2.0722518  -0.77727874  2.52326776
  1.38274405 -0.34793106 -1.92526797 -1.63604549 -1.20165392  0.79386269
  0.7692585  -0.83661645  2.00985209 -0.54485693  0.87893957  1.54633084
 -2.65339477 -0.92175596 -0.87686242 -1.9976801   2.69845264  2.74846166
  1.35903317 -0.83712125]
2024-06-30 12:38:59,261 - pyswarms.single.local_best - INFO - Optimize for 1000 iters with {'c1': 0.5, 'c2': 0.5, 'w': 0.8, 'k': 3, 'p': 1}
2024-06-30 12:38:59,708 - pyswarms.single.local_best - INFO - Optimization finished | best cost: 44.812086429250506, best pos: [-1.12715342 -1.34876211 -2.3267339  -2.01394938  0.27884915 -1.98588134
 -3.33672273 -1.50532804 -0.46693329 -2.4909947  -1.89910865 -2.66727963
 -0.2653683  -2.60527397 -1.88786317 -3.40683535  0.655205    1.00059905
 -1.1762378  -1.16885886 -0.23897257  0.12583512 -1.51461568 -1.99105757
  1.41460961 -0.85441074  0.12661561 -2.15209229 -3.07761316  0.12693863
 -0.80390915 -2.56646217  0.69145616 -1.2830566  -2.80939214  0.83623649
 -0.20117689 -0.69001538 -0.38891414 -0.12861951  1.54774088 -0.31637988
  0.61376877  1.61770622 -2.25340323  0.11939715  1.16016139 -1.31191066
  2.6952379  -2.55409568]
2024-06-30 12:39:04,044 - pyswarms.single.local_best - INFO - Optimize for 1000 iters with {'c1': 0.5, 'c2': 0.5, 'w': 0.8, 'k': 3, 'p': 1}
2024-06-30 12:39:04,536 - pyswarms.single.local_best - INFO - Optimization finished | best cost: 32.01623723394509, best pos: [-2.14204283 -1.50706973 -1.68928749 -2.55035285 -3.11917699 -0.9866886
  0.10241191 -1.50530609 -2.8514325  -2.77900654  1.16466674 -2.85832981
 -3.21224097  0.6433147  -3.52944882 -2.01251793  0.28856432  0.78252591
 -0.05889145 -1.72130618  0.31179563  0.06780917 -0.33679475 -2.15271729
 -1.32722226  0.23201231 -1.34518649 -1.98604171 -0.08816817 -3.11866691
 -1.54860702 -2.07602356  0.30904385 -1.2317714  -1.86839235  0.68753939
 -2.20582871  0.56777069  1.6670337  -0.60118165 -1.37035681  1.09833331
  2.33808669 -0.58668069  1.62673884  1.61288681 -0.00876115  2.01209934
  2.00892121  0.13150272]
2024-06-30 12:39:35,334 - pyswarms.single.local_best - INFO - Optimize for 121 iters with {'c1': 0.5, 'c2': 0.5, 'w': 0.8, 'k': 3, 'p': 1}
2024-06-30 12:39:35,400 - pyswarms.single.local_best - INFO - Optimization finished | best cost: 26.139706046032607, best pos: [-2.11532275 -1.91233439 -2.44274777  0.5142264   1.26575607 -2.92471043
 -1.81857165  0.07966987 -2.74119747 -0.68101707 -2.24020101 -3.65791304
 -2.56834268 -1.98218241 -3.68707961 -3.2766339  -2.84871749 -2.60516188
  0.25299486 -1.12299347 -2.54609239 -0.81450925  0.6646517  -1.40239665
 -0.13512979 -2.30672915 -2.63743534 -3.28693155 -1.90766416 -1.47900024
  1.87908763  1.90984778  1.03074488  2.57482077  0.08983599 -0.20438509
 -0.15670407  1.5370012  -0.43163799  0.86803575 -1.60381207  2.67142256
 -0.35948764  0.67314144  0.81906057  2.09705307  2.67615329  0.14615501
 -1.38677102  0.02878992]
2024-06-30 12:39:43,152 - pyswarms.single.local_best - INFO - Optimize for 500 iters with {'c1': 0.5, 'c2': 0.5, 'w': 0.8, 'k': 3, 'p': 1}
2024-06-30 12:39:43,346 - pyswarms.single.local_best - INFO - Optimization finished | best cost: 38.455516665018955, best pos: [-3.4306547  -3.59683569 -2.6481527  -0.38790862 -2.83266147 -2.00678988
  0.10927146 -3.00486239 -0.97303061 -0.5132665  -2.6759249   1.28450563
  1.2887634  -3.53412227 -2.93675252 -2.89803007  0.1717501  -1.72618774
  0.07933926 -1.79902527 -2.39495553 -3.89476514 -0.28035592 -0.895315
  1.86745705 -0.92472773 -2.21058212  0.76796093  0.23152495 -2.89319771
  0.42750093  2.39664758  1.94542448  1.87086471 -2.35914844 -1.68711459
  2.04113754 -1.66532294 -0.74992769  0.70577204  0.48105834  0.88495543
 -0.73434869  0.91794667 -0.70731577  0.48089376 -0.33404704 -1.26944833
  0.19620145 -2.62328859]
2024-06-30 12:39:48,349 - pyswarms.single.local_best - INFO - Optimize for 1000 iters with {'c1': 0.5, 'c2': 0.5, 'w': 0.8, 'k': 3, 'p': 1}
2024-06-30 12:39:48,751 - pyswarms.single.local_best - INFO - Optimization finished | best cost: 28.109029104188508, best pos: [-3.68097901 -2.42187969 -2.4365563  -2.07509767 -0.62429348  1.21371342
 -2.49203401 -2.77649311 -1.80300018 -3.42051112 -2.02459528  0.50067918
 -0.74477003 -0.83304834 -2.43915986 -3.62062847 -1.70303317 -0.74274579
  0.74875546  0.24551176 -1.34904069 -2.31306306  0.79275035 -0.13322246
  0.56571481 -2.41877965  0.21519754 -0.94192335 -0.01989279 -2.5664259
 -0.23483215 -2.03539914  0.28503153  0.27648021 -0.05746101 -2.91220616
  1.73361556  0.38409775 -1.48690809  1.53405388  0.46191608  1.57528276
 -1.56354395  0.3216721  -1.42477447  2.71344709  1.32097032  1.28293446
  2.42089182 -0.98281731]
2024-06-30 12:40:11,525 - pyswarms.single.local_best - INFO - Optimize for 1000 iters with {'c1': 0.5, 'c2': 0.5, 'w': 0.8, 'k': 3, 'p': 1}
2024-06-30 12:40:11,971 - pyswarms.single.local_best - INFO - Optimization finished | best cost: 79.51917254737805, best pos: [-1.83273358 -3.99479042 -1.48128448 -1.94257922 -2.98881266 -2.08741091
 -3.67159504 -0.53779015 -1.68195829 -1.10559021 -0.95789205  0.17332379
 -0.68466538 -2.59716692  1.89532338 -3.44540157 -1.51866333 -0.16956066
 -0.24752229 -1.35077523 -3.57090837 -0.26168771  0.62848296 -0.49178649
 -1.14258506 -3.15641105  0.82434652  2.20382875  1.70864274 -1.50123817
 -0.63341652  0.33829804 -1.15821321 -2.1789619   0.58615436  2.25587073
 -2.31796806 -0.92792026 -2.32157146 -1.1745748   1.12274098 -2.89559642
  2.03045012 -1.77750032  0.59757946  0.98419224  2.01766639 -1.92328614
  2.18203701  0.8712831 ]
2024-07-01 16:03:23,890 - pyswarms.single.local_best - INFO - Optimize for 1000 iters with {'c1': 0.5, 'c2': 0.5, 'w': 0.8, 'k': 3, 'p': 1}
2024-07-01 16:03:24,436 - pyswarms.single.local_best - INFO - Optimization finished | best cost: 56.33285478867398, best pos: [-2.81501663 -1.25283192 -1.48206236 -0.45241393 -1.38644441 -0.55901342
 -3.42264727 -3.05072165 -1.09466305 -3.51926103 -0.34310307  0.66519212
 -2.66977122 -0.51709846 -1.70814377 -3.19582818 -0.27316896 -2.06827465
 -0.85009914 -2.99424526 -2.70204644 -3.17192499 -1.53212789  1.16511548
  0.55696416 -0.3826097   0.34611178 -1.94550112 -1.06828108 -2.18198788
 -2.05371639  1.36935758 -1.71486394  0.50881802 -1.26278241 -0.84721206
  2.04816546  1.84332188 -1.48266746  1.2437928  -1.54698772 -0.86091704
  1.75540323  1.90998694 -0.81734913  0.84122618  2.97406241 -0.35897888
  1.79600124 -2.60754834]
2024-07-13 23:44:20,303 - pyswarms.single.local_best - INFO - Optimize for 1000 iters with {'c1': 0.5, 'c2': 0.5, 'w': 0.8, 'k': 3, 'p': 1}
2024-07-13 23:44:20,843 - pyswarms.single.local_best - INFO - Optimization finished | best cost: 65.52973701055437, best pos: [-3.97840254 -2.20335796 -3.74717934 -3.37026173  0.9923875  -2.92420917
 -1.57543479 -3.15829906 -0.27462595 -3.48370958 -2.60274496 -3.26446395
 -2.85980198 -1.41619924  0.18109381 -2.30516159 -0.74726809  1.41225576
  1.28642942 -2.90837083 -0.21626003  2.3441741  -2.05630589 -1.22903678
 -1.35277417  2.68642535 -0.71717971 -0.34995947  2.70230113 -0.23841085
  1.64069024 -3.01349257 -1.46126492 -1.10324233  0.29953412 -2.51427358
 -2.72963698 -0.30257708 -0.15891311  0.86574038  0.44223267 -0.10575047
  0.68988968 -1.80312595  0.41566469 -0.19322054  1.6335033   0.05363735
  0.82100358 -0.97741575]
